<?xml version="1.0" encoding="UTF-8"?>
<testng-results ignored="0" total="1" passed="1" failed="0" skipped="0">
  <reporter-output>
  </reporter-output>
  <suite started-at="2023-12-07T16:52:02 IST" name="Surefire suite" finished-at="2023-12-07T16:52:08 IST" duration-ms="5809">
    <groups>
    </groups>
    <test started-at="2023-12-07T16:52:02 IST" name="Surefire test" finished-at="2023-12-07T16:52:08 IST" duration-ms="5809">
      <class name="practice.NewTest">
        <test-method signature="f()[pri:0, instance:practice.NewTest@fdefd3f]" started-at="2023-12-07T16:52:02 IST" name="f" finished-at="2023-12-07T16:52:08 IST" duration-ms="5768" status="PASS">
          <reporter-output>
          </reporter-output>
        </test-method> <!-- f -->
      </class> <!-- practice.NewTest -->
    </test> <!-- Surefire test -->
  </suite> <!-- Surefire suite -->
</testng-results>
